<?xml version="1.0" encoding="UTF-8"?>
<!-- Generated by org.testng.reporters.JUnitXMLReporter -->
<testsuite ignored="0" hostname="DESKTOP-52VV27D" failures="0" tests="1" name="FirefoxTest" time="47.372" errors="0" timestamp="09 Jun 2018 17:22:41 GMT">
  <testcase classname="demos.Generic.BaseClass" name="@BeforeClass OpenBrowser" time="47.318">
    <failure type="org.openqa.selenium.WebDriverException" message="Failed to connect to binary FirefoxBinary(C:\Program Files (x86)\Mozilla Firefox\firefox.exe) on port 7055; process output follows: 
blocker for GMPProvider
1528564917447	addons.manager	DEBUG	Provider finished startup: GMPProvider
1528564917447	addons.manager	DEBUG	Starting provider: PluginProvider
1528564917447	addons.manager	DEBUG	Registering shutdown blocker for PluginProvider
1528564917447	addons.manager	DEBUG	Provider finished startup: PluginProvider
1528564917448	addons.manager	DEBUG	Completed startup sequence
Unable to read VR Path Registry from C:\Users\Satikant\AppData\Local\openvr\openvrpaths.vrpath
Unable to read VR Path Registry from C:\Users\Satikant\AppData\Local\openvr\openvrpaths.vrpath
Unable to read VR Path Registry from C:\Users\Satikant\AppData\Local\openvr\openvrpaths.vrpath
Unable to read VR Path Registry from C:\Users\Satikant\AppData\Local\openvr\openvrpaths.vrpath
1528564926757	addons.repository	DEBUG	No addons.json found.
1528564926773	addons.manager	DEBUG	Starting provider: PreviousExperimentProvider
1528564926773	addons.manager	DEBUG	Registering shutdown blocker for PreviousExperimentProvider
1528564926773	addons.manager	DEBUG	Provider finished startup: PreviousExperimentProvider
1528564926889	addons.xpi-utils	DEBUG	XPI Database saved, setting schema version preference to 24
Unable to read VR Path Registry from C:\Users\Satikant\AppData\Local\openvr\openvrpaths.vrpath
1528564927712	addons.xpi	INFO	Mapping fxdriver@googlecode.com to C:\Users\Satikant\AppData\Local\Temp\anonymous12815827261144598266webdriver-profile\extensions\fxdriver@googlecode.com
1528564927713	addons.xpi	DEBUG	Ignoring file entry whose name is not a valid add-on ID: C:\Users\Satikant\AppData\Local\Temp\anonymous12815827261144598266webdriver-profile\extensions\webdriver-staging
1528564927714	addons.xpi	DEBUG	Existing add-on fxdriver@googlecode.com in app-profile
1528564927716	addons.xpi	INFO	Mapping activity-stream@mozilla.org to C:\Program Files (x86)\Mozilla Firefox\browser\features\activity-stream@mozilla.org.xpi
1528564927716	addons.xpi	INFO	Mapping aushelper@mozilla.org to C:\Program Files (x86)\Mozilla Firefox\browser\features\aushelper@mozilla.org.xpi
1528564927717	addons.xpi	INFO	Mapping firefox@getpocket.com to C:\Program Files (x86)\Mozilla Firefox\browser\features\firefox@getpocket.com.xpi
1528564927717	addons.xpi	INFO	Mapping followonsearch@mozilla.com to C:\Program Files (x86)\Mozilla Firefox\browser\features\followonsearch@mozilla.com.xpi
1528564927717	addons.xpi	INFO	Mapping formautofill@mozilla.org to C:\Program Files (x86)\Mozilla Firefox\browser\features\formautofill@mozilla.org.xpi
1528564927717	addons.xpi	INFO	Mapping onboarding@mozilla.org to C:\Program Files (x86)\Mozilla Firefox\browser\features\onboarding@mozilla.org.xpi
1528564927718	addons.xpi	INFO	Mapping screenshots@mozilla.org to C:\Program Files (x86)\Mozilla Firefox\browser\features\screenshots@mozilla.org.xpi
1528564927718	addons.xpi	INFO	Mapping webcompat@mozilla.org to C:\Program Files (x86)\Mozilla Firefox\browser\features\webcompat@mozilla.org.xpi
1528564927719	addons.xpi	DEBUG	Existing add-on activity-stream@mozilla.org in app-system-defaults
1528564927721	addons.xpi	DEBUG	Existing add-on aushelper@mozilla.org in app-system-defaults
1528564927722	addons.xpi	DEBUG	Existing add-on firefox@getpocket.com in app-system-defaults
1528564927723	addons.xpi	DEBUG	Existing add-on followonsearch@mozilla.com in app-system-defaults
1528564927724	addons.xpi	DEBUG	Existing add-on formautofill@mozilla.org in app-system-defaults
1528564927725	addons.xpi	DEBUG	Existing add-on onboarding@mozilla.org in app-system-defaults
1528564927727	addons.xpi	DEBUG	Existing add-on screenshots@mozilla.org in app-system-defaults
1528564927727	addons.xpi	DEBUG	Existing add-on webcompat@mozilla.org in app-system-defaults
1528564927729	addons.xpi	INFO	Mapping {972ce4c6-7e08-4474-a285-3208198ce6fd} to C:\Program Files (x86)\Mozilla Firefox\browser\extensions\{972ce4c6-7e08-4474-a285-3208198ce6fd}.xpi
1528564927731	addons.xpi	DEBUG	Existing add-on {972ce4c6-7e08-4474-a285-3208198ce6fd} in app-global
1528564927731	addons.xpi	DEBUG	getInstallState changed: false, state: {}

Build info: version: &amp;apos;2.53.1&amp;apos;, revision: &amp;apos;a36b8b1cd5757287168e54b817830adce9b0158d&amp;apos;, time: &amp;apos;2016-06-30 19:26:09&amp;apos;
System info: host: &amp;apos;DESKTOP-52VV27D&amp;apos;, ip: &amp;apos;192.168.1.17&amp;apos;, os.name: &amp;apos;Windows 10&amp;apos;, os.arch: &amp;apos;amd64&amp;apos;, os.version: &amp;apos;10.0&amp;apos;, java.version: &amp;apos;9&amp;apos;
Driver info: driver.version: FirefoxDriver">
      <![CDATA[org.openqa.selenium.WebDriverException: Failed to connect to binary FirefoxBinary(C:\Program Files (x86)\Mozilla Firefox\firefox.exe) on port 7055; process output follows: 
blocker for GMPProvider
1528564917447addons.managerDEBUGProvider finished startup: GMPProvider
1528564917447addons.managerDEBUGStarting provider: PluginProvider
1528564917447addons.managerDEBUGRegistering shutdown blocker for PluginProvider
1528564917447addons.managerDEBUGProvider finished startup: PluginProvider
1528564917448addons.managerDEBUGCompleted startup sequence
Unable to read VR Path Registry from C:\Users\Satikant\AppData\Local\openvr\openvrpaths.vrpath
Unable to read VR Path Registry from C:\Users\Satikant\AppData\Local\openvr\openvrpaths.vrpath
Unable to read VR Path Registry from C:\Users\Satikant\AppData\Local\openvr\openvrpaths.vrpath
Unable to read VR Path Registry from C:\Users\Satikant\AppData\Local\openvr\openvrpaths.vrpath
1528564926757addons.repositoryDEBUGNo addons.json found.
1528564926773addons.managerDEBUGStarting provider: PreviousExperimentProvider
1528564926773addons.managerDEBUGRegistering shutdown blocker for PreviousExperimentProvider
1528564926773addons.managerDEBUGProvider finished startup: PreviousExperimentProvider
1528564926889addons.xpi-utilsDEBUGXPI Database saved, setting schema version preference to 24
Unable to read VR Path Registry from C:\Users\Satikant\AppData\Local\openvr\openvrpaths.vrpath
1528564927712addons.xpiINFOMapping fxdriver@googlecode.com to C:\Users\Satikant\AppData\Local\Temp\anonymous12815827261144598266webdriver-profile\extensions\fxdriver@googlecode.com
1528564927713addons.xpiDEBUGIgnoring file entry whose name is not a valid add-on ID: C:\Users\Satikant\AppData\Local\Temp\anonymous12815827261144598266webdriver-profile\extensions\webdriver-staging
1528564927714addons.xpiDEBUGExisting add-on fxdriver@googlecode.com in app-profile
1528564927716addons.xpiINFOMapping activity-stream@mozilla.org to C:\Program Files (x86)\Mozilla Firefox\browser\features\activity-stream@mozilla.org.xpi
1528564927716addons.xpiINFOMapping aushelper@mozilla.org to C:\Program Files (x86)\Mozilla Firefox\browser\features\aushelper@mozilla.org.xpi
1528564927717addons.xpiINFOMapping firefox@getpocket.com to C:\Program Files (x86)\Mozilla Firefox\browser\features\firefox@getpocket.com.xpi
1528564927717addons.xpiINFOMapping followonsearch@mozilla.com to C:\Program Files (x86)\Mozilla Firefox\browser\features\followonsearch@mozilla.com.xpi
1528564927717addons.xpiINFOMapping formautofill@mozilla.org to C:\Program Files (x86)\Mozilla Firefox\browser\features\formautofill@mozilla.org.xpi
1528564927717addons.xpiINFOMapping onboarding@mozilla.org to C:\Program Files (x86)\Mozilla Firefox\browser\features\onboarding@mozilla.org.xpi
1528564927718addons.xpiINFOMapping screenshots@mozilla.org to C:\Program Files (x86)\Mozilla Firefox\browser\features\screenshots@mozilla.org.xpi
1528564927718addons.xpiINFOMapping webcompat@mozilla.org to C:\Program Files (x86)\Mozilla Firefox\browser\features\webcompat@mozilla.org.xpi
1528564927719addons.xpiDEBUGExisting add-on activity-stream@mozilla.org in app-system-defaults
1528564927721addons.xpiDEBUGExisting add-on aushelper@mozilla.org in app-system-defaults
1528564927722addons.xpiDEBUGExisting add-on firefox@getpocket.com in app-system-defaults
1528564927723addons.xpiDEBUGExisting add-on followonsearch@mozilla.com in app-system-defaults
1528564927724addons.xpiDEBUGExisting add-on formautofill@mozilla.org in app-system-defaults
1528564927725addons.xpiDEBUGExisting add-on onboarding@mozilla.org in app-system-defaults
1528564927727addons.xpiDEBUGExisting add-on screenshots@mozilla.org in app-system-defaults
1528564927727addons.xpiDEBUGExisting add-on webcompat@mozilla.org in app-system-defaults
1528564927729addons.xpiINFOMapping {972ce4c6-7e08-4474-a285-3208198ce6fd} to C:\Program Files (x86)\Mozilla Firefox\browser\extensions\{972ce4c6-7e08-4474-a285-3208198ce6fd}.xpi
1528564927731addons.xpiDEBUGExisting add-on {972ce4c6-7e08-4474-a285-3208198ce6fd} in app-global
1528564927731addons.xpiDEBUGgetInstallState changed: false, state: {}

Build info: version: '2.53.1', revision: 'a36b8b1cd5757287168e54b817830adce9b0158d', time: '2016-06-30 19:26:09'
System info: host: 'DESKTOP-52VV27D', ip: '192.168.1.17', os.name: 'Windows 10', os.arch: 'amd64', os.version: '10.0', java.version: '9'
Driver info: driver.version: FirefoxDriver
at org.openqa.selenium.firefox.internal.NewProfileExtensionConnection.start(NewProfileExtensionConnection.java:125)
at org.openqa.selenium.firefox.FirefoxDriver.startClient(FirefoxDriver.java:271)
at org.openqa.selenium.remote.RemoteWebDriver.<init>(RemoteWebDriver.java:119)
at org.openqa.selenium.firefox.FirefoxDriver.<init>(FirefoxDriver.java:216)
at org.openqa.selenium.firefox.FirefoxDriver.<init>(FirefoxDriver.java:211)
at org.openqa.selenium.firefox.FirefoxDriver.<init>(FirefoxDriver.java:207)
at org.openqa.selenium.firefox.FirefoxDriver.<init>(FirefoxDriver.java:120)
at demos.Generic.BaseClass.OpenBrowser(BaseClass.java:28)
at java.base/java.util.concurrent.FutureTask.run(Unknown Source)
at java.base/java.util.concurrent.ThreadPoolExecutor.runWorker(Unknown Source)
at java.base/java.util.concurrent.ThreadPoolExecutor$Worker.run(Unknown Source)
at java.base/java.lang.Thread.run(Unknown Source)
Caused by: org.openqa.selenium.firefox.NotConnectedException: Unable to connect to host 127.0.0.1 on port 7055 after 45000 ms. Firefox console output:
blocker for GMPProvider
1528564917447addons.managerDEBUGProvider finished startup: GMPProvider
1528564917447addons.managerDEBUGStarting provider: PluginProvider
1528564917447addons.managerDEBUGRegistering shutdown blocker for PluginProvider
1528564917447addons.managerDEBUGProvider finished startup: PluginProvider
1528564917448addons.managerDEBUGCompleted startup sequence
Unable to read VR Path Registry from C:\Users\Satikant\AppData\Local\openvr\openvrpaths.vrpath
Unable to read VR Path Registry from C:\Users\Satikant\AppData\Local\openvr\openvrpaths.vrpath
Unable to read VR Path Registry from C:\Users\Satikant\AppData\Local\openvr\openvrpaths.vrpath
Unable to read VR Path Registry from C:\Users\Satikant\AppData\Local\openvr\openvrpaths.vrpath
1528564926757addons.repositoryDEBUGNo addons.json found.
1528564926773addons.managerDEBUGStarting provider: PreviousExperimentProvider
1528564926773addons.managerDEBUGRegistering shutdown blocker for PreviousExperimentProvider
1528564926773addons.managerDEBUGProvider finished startup: PreviousExperimentProvider
1528564926889addons.xpi-utilsDEBUGXPI Database saved, setting schema version preference to 24
Unable to read VR Path Registry from C:\Users\Satikant\AppData\Local\openvr\openvrpaths.vrpath
1528564927712addons.xpiINFOMapping fxdriver@googlecode.com to C:\Users\Satikant\AppData\Local\Temp\anonymous12815827261144598266webdriver-profile\extensions\fxdriver@googlecode.com
1528564927713addons.xpiDEBUGIgnoring file entry whose name is not a valid add-on ID: C:\Users\Satikant\AppData\Local\Temp\anonymous12815827261144598266webdriver-profile\extensions\webdriver-staging
1528564927714addons.xpiDEBUGExisting add-on fxdriver@googlecode.com in app-profile
1528564927716addons.xpiINFOMapping activity-stream@mozilla.org to C:\Program Files (x86)\Mozilla Firefox\browser\features\activity-stream@mozilla.org.xpi
1528564927716addons.xpiINFOMapping aushelper@mozilla.org to C:\Program Files (x86)\Mozilla Firefox\browser\features\aushelper@mozilla.org.xpi
1528564927717addons.xpiINFOMapping firefox@getpocket.com to C:\Program Files (x86)\Mozilla Firefox\browser\features\firefox@getpocket.com.xpi
1528564927717addons.xpiINFOMapping followonsearch@mozilla.com to C:\Program Files (x86)\Mozilla Firefox\browser\features\followonsearch@mozilla.com.xpi
1528564927717addons.xpiINFOMapping formautofill@mozilla.org to C:\Program Files (x86)\Mozilla Firefox\browser\features\formautofill@mozilla.org.xpi
1528564927717addons.xpiINFOMapping onboarding@mozilla.org to C:\Program Files (x86)\Mozilla Firefox\browser\features\onboarding@mozilla.org.xpi
1528564927718addons.xpiINFOMapping screenshots@mozilla.org to C:\Program Files (x86)\Mozilla Firefox\browser\features\screenshots@mozilla.org.xpi
1528564927718addons.xpiINFOMapping webcompat@mozilla.org to C:\Program Files (x86)\Mozilla Firefox\browser\features\webcompat@mozilla.org.xpi
1528564927719addons.xpiDEBUGExisting add-on activity-stream@mozilla.org in app-system-defaults
1528564927721addons.xpiDEBUGExisting add-on aushelper@mozilla.org in app-system-defaults
1528564927722addons.xpiDEBUGExisting add-on firefox@getpocket.com in app-system-defaults
1528564927723addons.xpiDEBUGExisting add-on followonsearch@mozilla.com in app-system-defaults
1528564927724addons.xpiDEBUGExisting add-on formautofill@mozilla.org in app-system-defaults
1528564927725addons.xpiDEBUGExisting add-on onboarding@mozilla.org in app-system-defaults
1528564927727addons.xpiDEBUGExisting add-on screenshots@mozilla.org in app-system-defaults
1528564927727addons.xpiDEBUGExisting add-on webcompat@mozilla.org in app-system-defaults
1528564927729addons.xpiINFOMapping {972ce4c6-7e08-4474-a285-3208198ce6fd} to C:\Program Files (x86)\Mozilla Firefox\browser\extensions\{972ce4c6-7e08-4474-a285-3208198ce6fd}.xpi
1528564927731addons.xpiDEBUGExisting add-on {972ce4c6-7e08-4474-a285-3208198ce6fd} in app-global
1528564927731addons.xpiDEBUGgetInstallState changed: false, state: {}

at org.openqa.selenium.firefox.internal.NewProfileExtensionConnection.start(NewProfileExtensionConnection.java:113)
... 28 more
... Removed 17 stack frames]]>
    </failure>
  </testcase> <!-- @BeforeClass OpenBrowser -->
  <testcase classname="demos.Generic.BaseClass" name="@BeforeMethod LoginToApp" time="0.0">
    <skipped/>
  </testcase> <!-- @BeforeMethod LoginToApp -->
  <testcase classname="demos.Generic.BaseClass" name="@AfterMethod LogoutFromApp" time="0.0">
    <skipped/>
  </testcase> <!-- @AfterMethod LogoutFromApp -->
  <testcase classname="demos.Generic.BaseClass" name="@AfterClass CloseBrowser" time="0.0">
    <skipped/>
  </testcase> <!-- @AfterClass CloseBrowser -->
  <testcase classname="demos.Scripts.Testing" name="Scripting" time="0.0">
    <skipped/>
  </testcase> <!-- Scripting -->
</testsuite> <!-- FirefoxTest -->
